<?xml version="1.0" encoding="UTF-8"?>
<!-- Generated by org.testng.reporters.JUnitReportReporter -->
<testsuite hostname="MCSW63ZLPC0783" failures="0" tests="1" name="testscripts.TC_05_ManufactureAddress" time="260.036" errors="0" timestamp="2025-02-17T09:48:19 IST" skipped="0">
  <testcase classname="testscripts.TC_05_ManufactureAddress" name="tc_05_ManufactureAdd" time="260.036"/>
  <system-out/>
</testsuite> <!-- testscripts.TC_05_ManufactureAddress -->
