<?xml version="1.0" encoding="UTF-8"?>
<!-- Generated by org.testng.reporters.JUnitReportReporter -->
<testsuite hostname="MCSW63ZLPC0783" failures="0" tests="1" name="testlibraries.TC_09_AddToWhishLlistAndCart" time="114.598" errors="0" timestamp="2025-02-05T15:51:20 IST" skipped="0">
  <testcase classname="testlibraries.TC_09_AddToWhishLlistAndCart" name="tc_09_addToCart" time="114.598"/>
  <system-out/>
</testsuite> <!-- testlibraries.TC_09_AddToWhishLlistAndCart -->
