<?xml version="1.0" encoding="UTF-8"?>
<!-- Generated by org.testng.reporters.JUnitReportReporter -->
<testsuite hostname="MCSW63ZLPC0783" failures="0" tests="1" name="testlibraries.TC_01_AddingProductToCart" time="29.982" errors="0" timestamp="2025-02-02T23:40:42 IST" skipped="0">
  <testcase classname="testlibraries.TC_01_AddingProductToCart" name="verifyAddToWhishlistAndCart" time="29.982"/>
  <system-out/>
</testsuite> <!-- testlibraries.TC_01_AddingProductToCart -->
