<?xml version="1.0" encoding="UTF-8"?>
<!-- Generated by org.testng.reporters.JUnitReportReporter -->
<testsuite hostname="MCSW63ZLPC0783" failures="0" tests="1" name="testscripts.TC_10_ProductVerification" time="199.855" errors="0" timestamp="2025-02-17T09:48:18 IST" skipped="0">
  <testcase classname="testscripts.TC_10_ProductVerification" name="tc_10_verifyProduct" time="199.855"/>
  <system-out/>
</testsuite> <!-- testscripts.TC_10_ProductVerification -->
