<?xml version="1.0" encoding="UTF-8"?>
<!-- Generated by org.testng.reporters.JUnitReportReporter -->
<testsuite hostname="MCSW63ZLPC0783" failures="0" tests="1" name="testscripts.TC_06_addAddress" time="182.047" errors="0" timestamp="2025-02-17T09:48:18 IST" skipped="0">
  <testcase classname="testscripts.TC_06_addAddress" name="tc_06_addingAddress" time="182.047"/>
  <system-out/>
</testsuite> <!-- testscripts.TC_06_addAddress -->
