<?xml version="1.0" encoding="UTF-8"?>
<!-- Generated by org.testng.reporters.JUnitReportReporter -->
<testsuite hostname="MCSW63ZLPC0783" failures="0" tests="1" name="testlibraries.TC_04_InitiateCheckout" time="29.445" errors="0" timestamp="2025-02-02T23:38:53 IST" skipped="0">
  <testcase classname="testlibraries.TC_04_InitiateCheckout" name="tc_04_initiateCheckout" time="29.445"/>
  <system-out/>
</testsuite> <!-- testlibraries.TC_04_InitiateCheckout -->
