<?xml version="1.0" encoding="UTF-8"?>
<!-- Generated by org.testng.reporters.JUnitReportReporter -->
<testsuite hostname="MCSW63ZLPC0783" failures="0" tests="1" name="testlibraries.TC_08_ResetFilterAddToWishlist" time="23.962" errors="0" timestamp="2025-02-02T01:54:25 IST" skipped="0">
  <testcase classname="testlibraries.TC_08_ResetFilterAddToWishlist" name="tc_08_resetFilter" time="23.962"/>
  <system-out/>
</testsuite> <!-- testlibraries.TC_08_ResetFilterAddToWishlist -->
