<?xml version="1.0" encoding="UTF-8"?>
<!-- Generated by org.testng.reporters.JUnitReportReporter -->
<testsuite hostname="MCSW63ZLPC0783" failures="0" tests="1" name="testlibraries.TC_07_DeleteAddress" time="23.821" errors="0" timestamp="2025-02-02T01:54:25 IST" skipped="0">
  <testcase classname="testlibraries.TC_07_DeleteAddress" name="tc_07_deleteAdd" time="23.821"/>
  <system-out/>
</testsuite> <!-- testlibraries.TC_07_DeleteAddress -->
