<?xml version="1.0" encoding="UTF-8"?>
<!-- Generated by org.testng.reporters.JUnitReportReporter -->
<testsuite hostname="MCSW63ZLPC0783" failures="0" tests="1" name="testscripts.TC_09_AddToWhishLlistAndCart" time="23.616" errors="0" timestamp="2025-02-17T09:48:18 IST" skipped="0">
  <testcase classname="testscripts.TC_09_AddToWhishLlistAndCart" name="tc_09_addToCart" time="23.616"/>
  <system-out/>
</testsuite> <!-- testscripts.TC_09_AddToWhishLlistAndCart -->
