<?xml version="1.0" encoding="UTF-8"?>
<!-- Generated by org.testng.reporters.JUnitReportReporter -->
<testsuite hostname="MCSW63ZLPC0783" failures="0" tests="1" name="testlibraries.TC_10_ProductVerification" time="25.233" errors="0" timestamp="2025-02-02T23:38:53 IST" skipped="0">
  <testcase classname="testlibraries.TC_10_ProductVerification" name="tc_10_verifyProduct" time="25.233"/>
  <system-out/>
</testsuite> <!-- testlibraries.TC_10_ProductVerification -->
