<?xml version="1.0" encoding="UTF-8"?>
<!-- Generated by org.testng.reporters.JUnitReportReporter -->
<testsuite hostname="MCSW63ZLPC0783" failures="0" tests="1" name="testlibraries.TC_01_AddingProductToCart" time="215.701" errors="0" timestamp="2025-02-03T19:33:08 IST" skipped="0">
  <testcase classname="testlibraries.TC_01_AddingProductToCart" name="verifyAddToWhishlistAndCart" time="215.701"/>
  <system-out/>
</testsuite> <!-- testlibraries.TC_01_AddingProductToCart -->
