<?xml version="1.0" encoding="UTF-8"?>
<!-- Generated by org.testng.reporters.JUnitReportReporter -->
<testsuite hostname="MCSW63ZLPC0783" failures="0" tests="1" name="testlibraries.TC_06_addAddress" time="25.206" errors="0" timestamp="2025-02-01T16:19:51 IST" skipped="0">
  <testcase classname="testlibraries.TC_06_addAddress" name="tc_06_addingAddress" time="25.206"/>
  <system-out/>
</testsuite> <!-- testlibraries.TC_06_addAddress -->
