<?xml version="1.0" encoding="UTF-8"?>
<!-- Generated by org.testng.reporters.JUnitReportReporter -->
<testsuite hostname="MCSW63ZLPC0783" failures="0" tests="1" name="testlibraries.TC_05_ManufactureAddress" time="31.086" errors="0" timestamp="2025-02-01T16:19:51 IST" skipped="0">
  <testcase classname="testlibraries.TC_05_ManufactureAddress" name="tc_05_ManufactureAdd" time="31.086"/>
  <system-out/>
</testsuite> <!-- testlibraries.TC_05_ManufactureAddress -->
